2026-03-14 14:47:10 startup archives install
2026-03-14 14:47:10 install base-passwd:amd64 <none> 3.6.3build1
2026-03-14 14:47:10 status half-installed base-passwd:amd64 3.6.3build1
2026-03-14 14:47:10 status unpacked base-passwd:amd64 3.6.3build1
2026-03-14 14:47:10 configure base-passwd:amd64 3.6.3build1 3.6.3build1
2026-03-14 14:47:10 status half-configured base-passwd:amd64 3.6.3build1
2026-03-14 14:47:10 status installed base-passwd:amd64 3.6.3build1
2026-03-14 14:47:10 startup archives install
2026-03-14 14:47:10 install base-files:amd64 <none> 13ubuntu10
2026-03-14 14:47:10 status half-installed base-files:amd64 13ubuntu10
2026-03-14 14:47:10 status unpacked base-files:amd64 13ubuntu10
2026-03-14 14:47:10 configure base-files:amd64 13ubuntu10 13ubuntu10
2026-03-14 14:47:11 status half-configured base-files:amd64 13ubuntu10
2026-03-14 14:47:11 status installed base-files:amd64 13ubuntu10
2026-03-14 14:47:11 startup archives install
2026-03-14 14:47:11 upgrade dpkg 1.22.6ubuntu6 1.22.6ubuntu6
2026-03-14 14:47:11 status half-configured dpkg 1.22.6ubuntu6
2026-03-14 14:47:11 status unpacked dpkg 1.22.6ubuntu6
2026-03-14 14:47:11 status half-installed dpkg 1.22.6ubuntu6
2026-03-14 14:47:11 status unpacked dpkg:amd64 1.22.6ubuntu6
2026-03-14 14:47:11 configure dpkg:amd64 1.22.6ubuntu6 1.22.6ubuntu6
2026-03-14 14:47:11 status half-configured dpkg:amd64 1.22.6ubuntu6
2026-03-14 14:47:11 status installed dpkg:amd64 1.22.6ubuntu6
2026-03-14 14:47:11 startup archives install
2026-03-14 14:47:11 install libc6:amd64 <none> 2.39-0ubuntu8
2026-03-14 14:47:11 status half-installed libc6:amd64 2.39-0ubuntu8
2026-03-14 14:47:12 status unpacked libc6:amd64 2.39-0ubuntu8
2026-03-14 14:47:12 configure libc6:amd64 2.39-0ubuntu8 2.39-0ubuntu8
2026-03-14 14:47:12 status half-configured libc6:amd64 2.39-0ubuntu8
2026-03-14 14:47:12 status installed libc6:amd64 2.39-0ubuntu8
2026-03-14 14:47:12 startup archives install
2026-03-14 14:47:12 install perl-base:amd64 <none> 5.38.2-3.2build2
2026-03-14 14:47:12 status half-installed perl-base:amd64 5.38.2-3.2build2
2026-03-14 14:47:13 status unpacked perl-base:amd64 5.38.2-3.2build2
2026-03-14 14:47:13 configure perl-base:amd64 5.38.2-3.2build2 5.38.2-3.2build2
2026-03-14 14:47:13 status half-configured perl-base:amd64 5.38.2-3.2build2
2026-03-14 14:47:13 status installed perl-base:amd64 5.38.2-3.2build2
2026-03-14 14:47:13 startup archives install
2026-03-14 14:47:13 install mawk:amd64 <none> 1.3.4.20240123-1build1
2026-03-14 14:47:13 status half-installed mawk:amd64 1.3.4.20240123-1build1
2026-03-14 14:47:13 status unpacked mawk:amd64 1.3.4.20240123-1build1
2026-03-14 14:47:13 configure mawk:amd64 1.3.4.20240123-1build1 1.3.4.20240123-1build1
2026-03-14 14:47:13 status half-configured mawk:amd64 1.3.4.20240123-1build1
2026-03-14 14:47:13 status installed mawk:amd64 1.3.4.20240123-1build1
2026-03-14 14:47:13 startup archives unpack
2026-03-14 14:47:13 upgrade base-files:amd64 13ubuntu10 13ubuntu10
2026-03-14 14:47:13 status half-configured base-files:amd64 13ubuntu10
2026-03-14 14:47:13 status unpacked base-files:amd64 13ubuntu10
2026-03-14 14:47:13 status half-installed base-files:amd64 13ubuntu10
2026-03-14 14:47:13 status unpacked base-files:amd64 13ubuntu10
2026-03-14 14:47:13 upgrade base-passwd:amd64 3.6.3build1 3.6.3build1
2026-03-14 14:47:13 status half-configured base-passwd:amd64 3.6.3build1
2026-03-14 14:47:13 status unpacked base-passwd:amd64 3.6.3build1
2026-03-14 14:47:13 status half-installed base-passwd:amd64 3.6.3build1
2026-03-14 14:47:13 status unpacked base-passwd:amd64 3.6.3build1
2026-03-14 14:47:13 install bash:amd64 <none> 5.2.21-2ubuntu4
2026-03-14 14:47:13 status half-installed bash:amd64 5.2.21-2ubuntu4
2026-03-14 14:47:13 status unpacked bash:amd64 5.2.21-2ubuntu4
2026-03-14 14:47:13 install bsdutils:amd64 <none> 1:2.39.3-9ubuntu6
2026-03-14 14:47:13 status half-installed bsdutils:amd64 1:2.39.3-9ubuntu6
2026-03-14 14:47:13 status unpacked bsdutils:amd64 1:2.39.3-9ubuntu6
2026-03-14 14:47:13 install coreutils:amd64 <none> 9.4-3ubuntu6
2026-03-14 14:47:13 status half-installed coreutils:amd64 9.4-3ubuntu6
2026-03-14 14:47:13 status unpacked coreutils:amd64 9.4-3ubuntu6
2026-03-14 14:47:13 install dash:amd64 <none> 0.5.12-6ubuntu5
2026-03-14 14:47:13 status half-installed dash:amd64 0.5.12-6ubuntu5
2026-03-14 14:47:13 status unpacked dash:amd64 0.5.12-6ubuntu5
2026-03-14 14:47:13 install debconf:all <none> 1.5.86ubuntu1
2026-03-14 14:47:13 status half-installed debconf:all 1.5.86ubuntu1
2026-03-14 14:47:14 status unpacked debconf:all 1.5.86ubuntu1
2026-03-14 14:47:14 install debianutils:amd64 <none> 5.17build1
2026-03-14 14:47:14 status half-installed debianutils:amd64 5.17build1
2026-03-14 14:47:14 status unpacked debianutils:amd64 5.17build1
2026-03-14 14:47:14 install diffutils:amd64 <none> 1:3.10-1build1
2026-03-14 14:47:14 status half-installed diffutils:amd64 1:3.10-1build1
2026-03-14 14:47:14 status unpacked diffutils:amd64 1:3.10-1build1
2026-03-14 14:47:14 upgrade dpkg:amd64 1.22.6ubuntu6 1.22.6ubuntu6
2026-03-14 14:47:14 status half-configured dpkg:amd64 1.22.6ubuntu6
2026-03-14 14:47:14 status unpacked dpkg:amd64 1.22.6ubuntu6
2026-03-14 14:47:14 status half-installed dpkg:amd64 1.22.6ubuntu6
2026-03-14 14:47:14 status unpacked dpkg:amd64 1.22.6ubuntu6
2026-03-14 14:47:14 install e2fsprogs:amd64 <none> 1.47.0-2.4~exp1ubuntu4
2026-03-14 14:47:14 status half-installed e2fsprogs:amd64 1.47.0-2.4~exp1ubuntu4
2026-03-14 14:47:14 status unpacked e2fsprogs:amd64 1.47.0-2.4~exp1ubuntu4
2026-03-14 14:47:14 install findutils:amd64 <none> 4.9.0-5build1
2026-03-14 14:47:14 status half-installed findutils:amd64 4.9.0-5build1
2026-03-14 14:47:14 status unpacked findutils:amd64 4.9.0-5build1
2026-03-14 14:47:14 install gcc-14-base:amd64 <none> 14-20240412-0ubuntu1
2026-03-14 14:47:14 status half-installed gcc-14-base:amd64 14-20240412-0ubuntu1
2026-03-14 14:47:14 status unpacked gcc-14-base:amd64 14-20240412-0ubuntu1
2026-03-14 14:47:14 install grep:amd64 <none> 3.11-4build1
2026-03-14 14:47:14 status half-installed grep:amd64 3.11-4build1
2026-03-14 14:47:14 status unpacked grep:amd64 3.11-4build1
2026-03-14 14:47:14 install gzip:amd64 <none> 1.12-1ubuntu3
2026-03-14 14:47:14 status half-installed gzip:amd64 1.12-1ubuntu3
2026-03-14 14:47:14 status unpacked gzip:amd64 1.12-1ubuntu3
2026-03-14 14:47:14 install hostname:amd64 <none> 3.23+nmu2ubuntu2
2026-03-14 14:47:14 status half-installed hostname:amd64 3.23+nmu2ubuntu2
2026-03-14 14:47:14 status unpacked hostname:amd64 3.23+nmu2ubuntu2
2026-03-14 14:47:14 install init-system-helpers:all <none> 1.66ubuntu1
2026-03-14 14:47:14 status half-installed init-system-helpers:all 1.66ubuntu1
2026-03-14 14:47:14 status unpacked init-system-helpers:all 1.66ubuntu1
2026-03-14 14:47:14 install libacl1:amd64 <none> 2.3.2-1build1
2026-03-14 14:47:14 status half-installed libacl1:amd64 2.3.2-1build1
2026-03-14 14:47:15 status unpacked libacl1:amd64 2.3.2-1build1
2026-03-14 14:47:15 install libattr1:amd64 <none> 1:2.5.2-1build1
2026-03-14 14:47:15 status half-installed libattr1:amd64 1:2.5.2-1build1
2026-03-14 14:47:15 status unpacked libattr1:amd64 1:2.5.2-1build1
2026-03-14 14:47:15 install libaudit-common:all <none> 1:3.1.2-2.1build1
2026-03-14 14:47:15 status half-installed libaudit-common:all 1:3.1.2-2.1build1
2026-03-14 14:47:15 status unpacked libaudit-common:all 1:3.1.2-2.1build1
2026-03-14 14:47:15 install libaudit1:amd64 <none> 1:3.1.2-2.1build1
2026-03-14 14:47:15 status half-installed libaudit1:amd64 1:3.1.2-2.1build1
2026-03-14 14:47:15 status unpacked libaudit1:amd64 1:3.1.2-2.1build1
2026-03-14 14:47:15 install libblkid1:amd64 <none> 2.39.3-9ubuntu6
2026-03-14 14:47:15 status half-installed libblkid1:amd64 2.39.3-9ubuntu6
2026-03-14 14:47:15 status unpacked libblkid1:amd64 2.39.3-9ubuntu6
2026-03-14 14:47:15 install libbz2-1.0:amd64 <none> 1.0.8-5.1
2026-03-14 14:47:15 status half-installed libbz2-1.0:amd64 1.0.8-5.1
2026-03-14 14:47:15 status unpacked libbz2-1.0:amd64 1.0.8-5.1
2026-03-14 14:47:15 install libc-bin:amd64 <none> 2.39-0ubuntu8
2026-03-14 14:47:15 status half-installed libc-bin:amd64 2.39-0ubuntu8
2026-03-14 14:47:15 status unpacked libc-bin:amd64 2.39-0ubuntu8
2026-03-14 14:47:15 upgrade libc6:amd64 2.39-0ubuntu8 2.39-0ubuntu8
2026-03-14 14:47:15 status half-configured libc6:amd64 2.39-0ubuntu8
2026-03-14 14:47:15 status unpacked libc6:amd64 2.39-0ubuntu8
2026-03-14 14:47:15 status half-installed libc6:amd64 2.39-0ubuntu8
2026-03-14 14:47:15 status unpacked libc6:amd64 2.39-0ubuntu8
2026-03-14 14:47:15 install libcap-ng0:amd64 <none> 0.8.4-2build2
2026-03-14 14:47:15 status half-installed libcap-ng0:amd64 0.8.4-2build2
2026-03-14 14:47:15 status unpacked libcap-ng0:amd64 0.8.4-2build2
2026-03-14 14:47:15 install libcap2:amd64 <none> 1:2.66-5ubuntu2
2026-03-14 14:47:15 status half-installed libcap2:amd64 1:2.66-5ubuntu2
2026-03-14 14:47:15 status unpacked libcap2:amd64 1:2.66-5ubuntu2
2026-03-14 14:47:15 install libcom-err2:amd64 <none> 1.47.0-2.4~exp1ubuntu4
2026-03-14 14:47:15 status half-installed libcom-err2:amd64 1.47.0-2.4~exp1ubuntu4
2026-03-14 14:47:15 status unpacked libcom-err2:amd64 1.47.0-2.4~exp1ubuntu4
2026-03-14 14:47:15 install libcrypt1:amd64 <none> 1:4.4.36-4build1
2026-03-14 14:47:15 status half-installed libcrypt1:amd64 1:4.4.36-4build1
2026-03-14 14:47:15 status unpacked libcrypt1:amd64 1:4.4.36-4build1
2026-03-14 14:47:15 install libdebconfclient0:amd64 <none> 0.271ubuntu3
2026-03-14 14:47:15 status half-installed libdebconfclient0:amd64 0.271ubuntu3
2026-03-14 14:47:16 status unpacked libdebconfclient0:amd64 0.271ubuntu3
2026-03-14 14:47:16 install libext2fs2t64:amd64 <none> 1.47.0-2.4~exp1ubuntu4
2026-03-14 14:47:16 status half-installed libext2fs2t64:amd64 1.47.0-2.4~exp1ubuntu4
2026-03-14 14:47:16 status unpacked libext2fs2t64:amd64 1.47.0-2.4~exp1ubuntu4
2026-03-14 14:47:16 install libgcc-s1:amd64 <none> 14-20240412-0ubuntu1
2026-03-14 14:47:16 status half-installed libgcc-s1:amd64 14-20240412-0ubuntu1
2026-03-14 14:47:16 status unpacked libgcc-s1:amd64 14-20240412-0ubuntu1
2026-03-14 14:47:16 install libgcrypt20:amd64 <none> 1.10.3-2build1
2026-03-14 14:47:16 status half-installed libgcrypt20:amd64 1.10.3-2build1
2026-03-14 14:47:16 status unpacked libgcrypt20:amd64 1.10.3-2build1
2026-03-14 14:47:16 install libgmp10:amd64 <none> 2:6.3.0+dfsg-2ubuntu6
2026-03-14 14:47:16 status half-installed libgmp10:amd64 2:6.3.0+dfsg-2ubuntu6
2026-03-14 14:47:16 status unpacked libgmp10:amd64 2:6.3.0+dfsg-2ubuntu6
2026-03-14 14:47:16 install libgpg-error0:amd64 <none> 1.47-3build2
2026-03-14 14:47:16 status half-installed libgpg-error0:amd64 1.47-3build2
2026-03-14 14:47:16 status unpacked libgpg-error0:amd64 1.47-3build2
2026-03-14 14:47:16 install liblz4-1:amd64 <none> 1.9.4-1build1
2026-03-14 14:47:16 status half-installed liblz4-1:amd64 1.9.4-1build1
2026-03-14 14:47:16 status unpacked liblz4-1:amd64 1.9.4-1build1
2026-03-14 14:47:16 install liblzma5:amd64 <none> 5.6.1+really5.4.5-1
2026-03-14 14:47:16 status half-installed liblzma5:amd64 5.6.1+really5.4.5-1
2026-03-14 14:47:16 status unpacked liblzma5:amd64 5.6.1+really5.4.5-1
2026-03-14 14:47:16 install libmd0:amd64 <none> 1.1.0-2build1
2026-03-14 14:47:16 status half-installed libmd0:amd64 1.1.0-2build1
2026-03-14 14:47:16 status unpacked libmd0:amd64 1.1.0-2build1
2026-03-14 14:47:16 install libmount1:amd64 <none> 2.39.3-9ubuntu6
2026-03-14 14:47:16 status half-installed libmount1:amd64 2.39.3-9ubuntu6
2026-03-14 14:47:16 status unpacked libmount1:amd64 2.39.3-9ubuntu6
2026-03-14 14:47:16 install libncursesw6:amd64 <none> 6.4+20240113-1ubuntu2
2026-03-14 14:47:16 status half-installed libncursesw6:amd64 6.4+20240113-1ubuntu2
2026-03-14 14:47:16 status unpacked libncursesw6:amd64 6.4+20240113-1ubuntu2
2026-03-14 14:47:16 install libpam-modules:amd64 <none> 1.5.3-5ubuntu5
2026-03-14 14:47:16 status half-installed libpam-modules:amd64 1.5.3-5ubuntu5
2026-03-14 14:47:16 status unpacked libpam-modules:amd64 1.5.3-5ubuntu5
2026-03-14 14:47:16 install libpam-modules-bin:amd64 <none> 1.5.3-5ubuntu5
2026-03-14 14:47:16 status half-installed libpam-modules-bin:amd64 1.5.3-5ubuntu5
2026-03-14 14:47:16 status unpacked libpam-modules-bin:amd64 1.5.3-5ubuntu5
2026-03-14 14:47:16 install libpam-runtime:all <none> 1.5.3-5ubuntu5
2026-03-14 14:47:16 status half-installed libpam-runtime:all 1.5.3-5ubuntu5
2026-03-14 14:47:16 status unpacked libpam-runtime:all 1.5.3-5ubuntu5
2026-03-14 14:47:16 install libpam0g:amd64 <none> 1.5.3-5ubuntu5
2026-03-14 14:47:16 status half-installed libpam0g:amd64 1.5.3-5ubuntu5
2026-03-14 14:47:16 status unpacked libpam0g:amd64 1.5.3-5ubuntu5
2026-03-14 14:47:16 install libpcre2-8-0:amd64 <none> 10.42-4ubuntu2
2026-03-14 14:47:16 status half-installed libpcre2-8-0:amd64 10.42-4ubuntu2
2026-03-14 14:47:16 status unpacked libpcre2-8-0:amd64 10.42-4ubuntu2
2026-03-14 14:47:16 install libproc2-0:amd64 <none> 2:4.0.4-4ubuntu3
2026-03-14 14:47:16 status half-installed libproc2-0:amd64 2:4.0.4-4ubuntu3
2026-03-14 14:47:16 status unpacked libproc2-0:amd64 2:4.0.4-4ubuntu3
2026-03-14 14:47:16 install libselinux1:amd64 <none> 3.5-2ubuntu2
2026-03-14 14:47:16 status half-installed libselinux1:amd64 3.5-2ubuntu2
2026-03-14 14:47:16 status unpacked libselinux1:amd64 3.5-2ubuntu2
2026-03-14 14:47:17 install libsemanage-common:all <none> 3.5-1build5
2026-03-14 14:47:17 status half-installed libsemanage-common:all 3.5-1build5
2026-03-14 14:47:17 status unpacked libsemanage-common:all 3.5-1build5
2026-03-14 14:47:17 install libsemanage2:amd64 <none> 3.5-1build5
2026-03-14 14:47:17 status half-installed libsemanage2:amd64 3.5-1build5
2026-03-14 14:47:17 status unpacked libsemanage2:amd64 3.5-1build5
2026-03-14 14:47:17 install libsepol2:amd64 <none> 3.5-2build1
2026-03-14 14:47:17 status half-installed libsepol2:amd64 3.5-2build1
2026-03-14 14:47:17 status unpacked libsepol2:amd64 3.5-2build1
2026-03-14 14:47:17 install libsmartcols1:amd64 <none> 2.39.3-9ubuntu6
2026-03-14 14:47:17 status half-installed libsmartcols1:amd64 2.39.3-9ubuntu6
2026-03-14 14:47:17 status unpacked libsmartcols1:amd64 2.39.3-9ubuntu6
2026-03-14 14:47:17 install libss2:amd64 <none> 1.47.0-2.4~exp1ubuntu4
2026-03-14 14:47:17 status half-installed libss2:amd64 1.47.0-2.4~exp1ubuntu4
2026-03-14 14:47:17 status unpacked libss2:amd64 1.47.0-2.4~exp1ubuntu4
2026-03-14 14:47:17 install libssl3t64:amd64 <none> 3.0.13-0ubuntu3
2026-03-14 14:47:17 status half-installed libssl3t64:amd64 3.0.13-0ubuntu3
2026-03-14 14:47:17 status unpacked libssl3t64:amd64 3.0.13-0ubuntu3
2026-03-14 14:47:17 install libsystemd0:amd64 <none> 255.4-1ubuntu8
2026-03-14 14:47:17 status half-installed libsystemd0:amd64 255.4-1ubuntu8
2026-03-14 14:47:17 status unpacked libsystemd0:amd64 255.4-1ubuntu8
2026-03-14 14:47:17 install libtinfo6:amd64 <none> 6.4+20240113-1ubuntu2
2026-03-14 14:47:17 status half-installed libtinfo6:amd64 6.4+20240113-1ubuntu2
2026-03-14 14:47:17 status unpacked libtinfo6:amd64 6.4+20240113-1ubuntu2
2026-03-14 14:47:17 install libudev1:amd64 <none> 255.4-1ubuntu8
2026-03-14 14:47:17 status half-installed libudev1:amd64 255.4-1ubuntu8
2026-03-14 14:47:17 status unpacked libudev1:amd64 255.4-1ubuntu8
2026-03-14 14:47:17 install libuuid1:amd64 <none> 2.39.3-9ubuntu6
2026-03-14 14:47:17 status half-installed libuuid1:amd64 2.39.3-9ubuntu6
2026-03-14 14:47:17 status unpacked libuuid1:amd64 2.39.3-9ubuntu6
2026-03-14 14:47:17 install libzstd1:amd64 <none> 1.5.5+dfsg2-2build1
2026-03-14 14:47:17 status half-installed libzstd1:amd64 1.5.5+dfsg2-2build1
2026-03-14 14:47:17 status unpacked libzstd1:amd64 1.5.5+dfsg2-2build1
2026-03-14 14:47:17 install login:amd64 <none> 1:4.13+dfsg1-4ubuntu3
2026-03-14 14:47:17 status half-installed login:amd64 1:4.13+dfsg1-4ubuntu3
2026-03-14 14:47:17 status unpacked login:amd64 1:4.13+dfsg1-4ubuntu3
2026-03-14 14:47:17 install logsave:amd64 <none> 1.47.0-2.4~exp1ubuntu4
2026-03-14 14:47:17 status half-installed logsave:amd64 1.47.0-2.4~exp1ubuntu4
2026-03-14 14:47:17 status unpacked logsave:amd64 1.47.0-2.4~exp1ubuntu4
2026-03-14 14:47:17 upgrade mawk:amd64 1.3.4.20240123-1build1 1.3.4.20240123-1build1
2026-03-14 14:47:17 status half-configured mawk:amd64 1.3.4.20240123-1build1
2026-03-14 14:47:17 status unpacked mawk:amd64 1.3.4.20240123-1build1
2026-03-14 14:47:17 status half-installed mawk:amd64 1.3.4.20240123-1build1
2026-03-14 14:47:17 status unpacked mawk:amd64 1.3.4.20240123-1build1
2026-03-14 14:47:17 install mount:amd64 <none> 2.39.3-9ubuntu6
2026-03-14 14:47:17 status half-installed mount:amd64 2.39.3-9ubuntu6
2026-03-14 14:47:17 status unpacked mount:amd64 2.39.3-9ubuntu6
2026-03-14 14:47:17 install ncurses-base:all <none> 6.4+20240113-1ubuntu2
2026-03-14 14:47:17 status half-installed ncurses-base:all 6.4+20240113-1ubuntu2
2026-03-14 14:47:17 status unpacked ncurses-base:all 6.4+20240113-1ubuntu2
2026-03-14 14:47:17 install ncurses-bin:amd64 <none> 6.4+20240113-1ubuntu2
2026-03-14 14:47:17 status half-installed ncurses-bin:amd64 6.4+20240113-1ubuntu2
2026-03-14 14:47:17 status unpacked ncurses-bin:amd64 6.4+20240113-1ubuntu2
2026-03-14 14:47:17 install passwd:amd64 <none> 1:4.13+dfsg1-4ubuntu3
2026-03-14 14:47:17 status half-installed passwd:amd64 1:4.13+dfsg1-4ubuntu3
2026-03-14 14:47:18 status unpacked passwd:amd64 1:4.13+dfsg1-4ubuntu3
2026-03-14 14:47:18 upgrade perl-base:amd64 5.38.2-3.2build2 5.38.2-3.2build2
2026-03-14 14:47:18 status half-configured perl-base:amd64 5.38.2-3.2build2
2026-03-14 14:47:18 status unpacked perl-base:amd64 5.38.2-3.2build2
2026-03-14 14:47:18 status half-installed perl-base:amd64 5.38.2-3.2build2
2026-03-14 14:47:19 status unpacked perl-base:amd64 5.38.2-3.2build2
2026-03-14 14:47:19 install procps:amd64 <none> 2:4.0.4-4ubuntu3
2026-03-14 14:47:19 status half-installed procps:amd64 2:4.0.4-4ubuntu3
2026-03-14 14:47:19 status unpacked procps:amd64 2:4.0.4-4ubuntu3
2026-03-14 14:47:19 install sed:amd64 <none> 4.9-2build1
2026-03-14 14:47:19 status half-installed sed:amd64 4.9-2build1
2026-03-14 14:47:19 status unpacked sed:amd64 4.9-2build1
2026-03-14 14:47:19 install sensible-utils:all <none> 0.0.22
2026-03-14 14:47:19 status half-installed sensible-utils:all 0.0.22
2026-03-14 14:47:19 status unpacked sensible-utils:all 0.0.22
2026-03-14 14:47:19 install sysvinit-utils:amd64 <none> 3.08-6ubuntu3
2026-03-14 14:47:19 status half-installed sysvinit-utils:amd64 3.08-6ubuntu3
2026-03-14 14:47:19 status unpacked sysvinit-utils:amd64 3.08-6ubuntu3
2026-03-14 14:47:19 install tar:amd64 <none> 1.35+dfsg-3build1
2026-03-14 14:47:19 status half-installed tar:amd64 1.35+dfsg-3build1
2026-03-14 14:47:19 status unpacked tar:amd64 1.35+dfsg-3build1
2026-03-14 14:47:19 install util-linux:amd64 <none> 2.39.3-9ubuntu6
2026-03-14 14:47:19 status half-installed util-linux:amd64 2.39.3-9ubuntu6
2026-03-14 14:47:19 status unpacked util-linux:amd64 2.39.3-9ubuntu6
2026-03-14 14:47:20 install zlib1g:amd64 <none> 1:1.3.dfsg-3.1ubuntu2
2026-03-14 14:47:20 status half-installed zlib1g:amd64 1:1.3.dfsg-3.1ubuntu2
2026-03-14 14:47:20 status unpacked zlib1g:amd64 1:1.3.dfsg-3.1ubuntu2
2026-03-14 14:47:20 startup packages configure
2026-03-14 14:47:20 configure gcc-14-base:amd64 14-20240412-0ubuntu1 <none>
2026-03-14 14:47:20 status unpacked gcc-14-base:amd64 14-20240412-0ubuntu1
2026-03-14 14:47:20 status half-configured gcc-14-base:amd64 14-20240412-0ubuntu1
2026-03-14 14:47:20 status installed gcc-14-base:amd64 14-20240412-0ubuntu1
2026-03-14 14:47:20 configure libaudit-common:all 1:3.1.2-2.1build1 <none>
2026-03-14 14:47:20 status unpacked libaudit-common:all 1:3.1.2-2.1build1
2026-03-14 14:47:20 status half-configured libaudit-common:all 1:3.1.2-2.1build1
2026-03-14 14:47:20 status installed libaudit-common:all 1:3.1.2-2.1build1
2026-03-14 14:47:20 configure libsemanage-common:all 3.5-1build5 <none>
2026-03-14 14:47:20 status unpacked libsemanage-common:all 3.5-1build5
2026-03-14 14:47:20 status half-configured libsemanage-common:all 3.5-1build5
2026-03-14 14:47:20 status installed libsemanage-common:all 3.5-1build5
2026-03-14 14:47:20 configure debconf:all 1.5.86ubuntu1 <none>
2026-03-14 14:47:20 status unpacked debconf:all 1.5.86ubuntu1
2026-03-14 14:47:20 status half-configured debconf:all 1.5.86ubuntu1
2026-03-14 14:47:20 status installed debconf:all 1.5.86ubuntu1
2026-03-14 14:47:20 configure ncurses-base:all 6.4+20240113-1ubuntu2 <none>
2026-03-14 14:47:20 status unpacked ncurses-base:all 6.4+20240113-1ubuntu2
2026-03-14 14:47:20 status half-configured ncurses-base:all 6.4+20240113-1ubuntu2
2026-03-14 14:47:20 status installed ncurses-base:all 6.4+20240113-1ubuntu2
2026-03-14 14:47:20 configure init-system-helpers:all 1.66ubuntu1 <none>
2026-03-14 14:47:20 status unpacked init-system-helpers:all 1.66ubuntu1
2026-03-14 14:47:20 status half-configured init-system-helpers:all 1.66ubuntu1
2026-03-14 14:47:20 status installed init-system-helpers:all 1.66ubuntu1
2026-03-14 14:47:20 configure sensible-utils:all 0.0.22 <none>
2026-03-14 14:47:20 status unpacked sensible-utils:all 0.0.22
2026-03-14 14:47:20 status half-configured sensible-utils:all 0.0.22
2026-03-14 14:47:20 status installed sensible-utils:all 0.0.22
2026-03-14 14:47:20 configure libgcc-s1:amd64 14-20240412-0ubuntu1 <none>
2026-03-14 14:47:20 status unpacked libgcc-s1:amd64 14-20240412-0ubuntu1
2026-03-14 14:47:20 status half-configured libgcc-s1:amd64 14-20240412-0ubuntu1
2026-03-14 14:47:20 status installed libgcc-s1:amd64 14-20240412-0ubuntu1
2026-03-14 14:47:20 configure libc6:amd64 2.39-0ubuntu8 <none>
2026-03-14 14:47:20 status unpacked libc6:amd64 2.39-0ubuntu8
2026-03-14 14:47:20 status half-configured libc6:amd64 2.39-0ubuntu8
2026-03-14 14:47:20 status installed libc6:amd64 2.39-0ubuntu8
2026-03-14 14:47:20 configure libmd0:amd64 1.1.0-2build1 <none>
2026-03-14 14:47:20 status unpacked libmd0:amd64 1.1.0-2build1
2026-03-14 14:47:20 status half-configured libmd0:amd64 1.1.0-2build1
2026-03-14 14:47:20 status installed libmd0:amd64 1.1.0-2build1
2026-03-14 14:47:20 configure libattr1:amd64 1:2.5.2-1build1 <none>
2026-03-14 14:47:20 status unpacked libattr1:amd64 1:2.5.2-1build1
2026-03-14 14:47:20 status half-configured libattr1:amd64 1:2.5.2-1build1
2026-03-14 14:47:20 status installed libattr1:amd64 1:2.5.2-1build1
2026-03-14 14:47:20 configure sysvinit-utils:amd64 3.08-6ubuntu3 <none>
2026-03-14 14:47:20 status unpacked sysvinit-utils:amd64 3.08-6ubuntu3
2026-03-14 14:47:20 status half-configured sysvinit-utils:amd64 3.08-6ubuntu3
2026-03-14 14:47:20 status installed sysvinit-utils:amd64 3.08-6ubuntu3
2026-03-14 14:47:20 configure libext2fs2t64:amd64 1.47.0-2.4~exp1ubuntu4 <none>
2026-03-14 14:47:20 status unpacked libext2fs2t64:amd64 1.47.0-2.4~exp1ubuntu4
2026-03-14 14:47:20 status half-configured libext2fs2t64:amd64 1.47.0-2.4~exp1ubuntu4
2026-03-14 14:47:20 status installed libext2fs2t64:amd64 1.47.0-2.4~exp1ubuntu4
2026-03-14 14:47:20 configure debianutils:amd64 5.17build1 <none>
2026-03-14 14:47:20 status unpacked debianutils:amd64 5.17build1
2026-03-14 14:47:20 status half-configured debianutils:amd64 5.17build1
2026-03-14 14:47:20 status installed debianutils:amd64 5.17build1
2026-03-14 14:47:20 configure mawk:amd64 1.3.4.20240123-1build1 <none>
2026-03-14 14:47:20 status unpacked mawk:amd64 1.3.4.20240123-1build1
2026-03-14 14:47:20 status half-configured mawk:amd64 1.3.4.20240123-1build1
2026-03-14 14:47:20 status installed mawk:amd64 1.3.4.20240123-1build1
2026-03-14 14:47:20 configure libdebconfclient0:amd64 0.271ubuntu3 <none>
2026-03-14 14:47:20 status unpacked libdebconfclient0:amd64 0.271ubuntu3
2026-03-14 14:47:20 status half-configured libdebconfclient0:amd64 0.271ubuntu3
2026-03-14 14:47:20 status installed libdebconfclient0:amd64 0.271ubuntu3
2026-03-14 14:47:20 configure libbz2-1.0:amd64 1.0.8-5.1 <none>
2026-03-14 14:47:20 status unpacked libbz2-1.0:amd64 1.0.8-5.1
2026-03-14 14:47:20 status half-configured libbz2-1.0:amd64 1.0.8-5.1
2026-03-14 14:47:20 status installed libbz2-1.0:amd64 1.0.8-5.1
2026-03-14 14:47:20 configure libblkid1:amd64 2.39.3-9ubuntu6 <none>
2026-03-14 14:47:20 status unpacked libblkid1:amd64 2.39.3-9ubuntu6
2026-03-14 14:47:20 status half-configured libblkid1:amd64 2.39.3-9ubuntu6
2026-03-14 14:47:20 status installed libblkid1:amd64 2.39.3-9ubuntu6
2026-03-14 14:47:20 configure libtinfo6:amd64 6.4+20240113-1ubuntu2 <none>
2026-03-14 14:47:20 status unpacked libtinfo6:amd64 6.4+20240113-1ubuntu2
2026-03-14 14:47:20 status half-configured libtinfo6:amd64 6.4+20240113-1ubuntu2
2026-03-14 14:47:20 status installed libtinfo6:amd64 6.4+20240113-1ubuntu2
2026-03-14 14:47:20 configure libzstd1:amd64 1.5.5+dfsg2-2build1 <none>
2026-03-14 14:47:20 status unpacked libzstd1:amd64 1.5.5+dfsg2-2build1
2026-03-14 14:47:20 status half-configured libzstd1:amd64 1.5.5+dfsg2-2build1
2026-03-14 14:47:20 status installed libzstd1:amd64 1.5.5+dfsg2-2build1
2026-03-14 14:47:20 configure liblzma5:amd64 5.6.1+really5.4.5-1 <none>
2026-03-14 14:47:20 status unpacked liblzma5:amd64 5.6.1+really5.4.5-1
2026-03-14 14:47:20 status half-configured liblzma5:amd64 5.6.1+really5.4.5-1
2026-03-14 14:47:20 status installed liblzma5:amd64 5.6.1+really5.4.5-1
2026-03-14 14:47:20 configure libgpg-error0:amd64 1.47-3build2 <none>
2026-03-14 14:47:20 status unpacked libgpg-error0:amd64 1.47-3build2
2026-03-14 14:47:20 status half-configured libgpg-error0:amd64 1.47-3build2
2026-03-14 14:47:20 status installed libgpg-error0:amd64 1.47-3build2
2026-03-14 14:47:20 configure libssl3t64:amd64 3.0.13-0ubuntu3 <none>
2026-03-14 14:47:20 status unpacked libssl3t64:amd64 3.0.13-0ubuntu3
2026-03-14 14:47:20 status half-configured libssl3t64:amd64 3.0.13-0ubuntu3
2026-03-14 14:47:20 status installed libssl3t64:amd64 3.0.13-0ubuntu3
2026-03-14 14:47:20 configure liblz4-1:amd64 1.9.4-1build1 <none>
2026-03-14 14:47:20 status unpacked liblz4-1:amd64 1.9.4-1build1
2026-03-14 14:47:20 status half-configured liblz4-1:amd64 1.9.4-1build1
2026-03-14 14:47:20 status installed liblz4-1:amd64 1.9.4-1build1
2026-03-14 14:47:20 configure libc-bin:amd64 2.39-0ubuntu8 <none>
2026-03-14 14:47:20 status unpacked libc-bin:amd64 2.39-0ubuntu8
2026-03-14 14:47:20 status half-configured libc-bin:amd64 2.39-0ubuntu8
2026-03-14 14:47:20 status installed libc-bin:amd64 2.39-0ubuntu8
2026-03-14 14:47:20 configure ncurses-bin:amd64 6.4+20240113-1ubuntu2 <none>
2026-03-14 14:47:20 status unpacked ncurses-bin:amd64 6.4+20240113-1ubuntu2
2026-03-14 14:47:20 status half-configured ncurses-bin:amd64 6.4+20240113-1ubuntu2
2026-03-14 14:47:20 status installed ncurses-bin:amd64 6.4+20240113-1ubuntu2
2026-03-14 14:47:20 configure libacl1:amd64 2.3.2-1build1 <none>
2026-03-14 14:47:20 status triggers-pending libc-bin:amd64 2.39-0ubuntu8
2026-03-14 14:47:20 status unpacked libacl1:amd64 2.3.2-1build1
2026-03-14 14:47:20 status half-configured libacl1:amd64 2.3.2-1build1
2026-03-14 14:47:20 status installed libacl1:amd64 2.3.2-1build1
2026-03-14 14:47:20 configure libsmartcols1:amd64 2.39.3-9ubuntu6 <none>
2026-03-14 14:47:20 status unpacked libsmartcols1:amd64 2.39.3-9ubuntu6
2026-03-14 14:47:20 status half-configured libsmartcols1:amd64 2.39.3-9ubuntu6
2026-03-14 14:47:20 status installed libsmartcols1:amd64 2.39.3-9ubuntu6
2026-03-14 14:47:20 configure libgcrypt20:amd64 1.10.3-2build1 <none>
2026-03-14 14:47:20 status unpacked libgcrypt20:amd64 1.10.3-2build1
2026-03-14 14:47:20 status half-configured libgcrypt20:amd64 1.10.3-2build1
2026-03-14 14:47:20 status installed libgcrypt20:amd64 1.10.3-2build1
2026-03-14 14:47:20 configure zlib1g:amd64 1:1.3.dfsg-3.1ubuntu2 <none>
2026-03-14 14:47:20 status unpacked zlib1g:amd64 1:1.3.dfsg-3.1ubuntu2
2026-03-14 14:47:20 status half-configured zlib1g:amd64 1:1.3.dfsg-3.1ubuntu2
2026-03-14 14:47:20 status installed zlib1g:amd64 1:1.3.dfsg-3.1ubuntu2
2026-03-14 14:47:20 configure libcrypt1:amd64 1:4.4.36-4build1 <none>
2026-03-14 14:47:20 status unpacked libcrypt1:amd64 1:4.4.36-4build1
2026-03-14 14:47:20 status half-configured libcrypt1:amd64 1:4.4.36-4build1
2026-03-14 14:47:20 status installed libcrypt1:amd64 1:4.4.36-4build1
2026-03-14 14:47:20 configure libcom-err2:amd64 1.47.0-2.4~exp1ubuntu4 <none>
2026-03-14 14:47:20 status unpacked libcom-err2:amd64 1.47.0-2.4~exp1ubuntu4
2026-03-14 14:47:20 status half-configured libcom-err2:amd64 1.47.0-2.4~exp1ubuntu4
2026-03-14 14:47:20 status installed libcom-err2:amd64 1.47.0-2.4~exp1ubuntu4
2026-03-14 14:47:20 configure diffutils:amd64 1:3.10-1build1 <none>
2026-03-14 14:47:20 status unpacked diffutils:amd64 1:3.10-1build1
2026-03-14 14:47:20 status half-configured diffutils:amd64 1:3.10-1build1
2026-03-14 14:47:20 status installed diffutils:amd64 1:3.10-1build1
2026-03-14 14:47:20 configure libcap2:amd64 1:2.66-5ubuntu2 <none>
2026-03-14 14:47:20 status unpacked libcap2:amd64 1:2.66-5ubuntu2
2026-03-14 14:47:20 status half-configured libcap2:amd64 1:2.66-5ubuntu2
2026-03-14 14:47:20 status installed libcap2:amd64 1:2.66-5ubuntu2
2026-03-14 14:47:20 configure hostname:amd64 3.23+nmu2ubuntu2 <none>
2026-03-14 14:47:20 status unpacked hostname:amd64 3.23+nmu2ubuntu2
2026-03-14 14:47:20 status half-configured hostname:amd64 3.23+nmu2ubuntu2
2026-03-14 14:47:20 status installed hostname:amd64 3.23+nmu2ubuntu2
2026-03-14 14:47:20 configure libcap-ng0:amd64 0.8.4-2build2 <none>
2026-03-14 14:47:20 status unpacked libcap-ng0:amd64 0.8.4-2build2
2026-03-14 14:47:20 status half-configured libcap-ng0:amd64 0.8.4-2build2
2026-03-14 14:47:20 status installed libcap-ng0:amd64 0.8.4-2build2
2026-03-14 14:47:20 configure libgmp10:amd64 2:6.3.0+dfsg-2ubuntu6 <none>
2026-03-14 14:47:20 status unpacked libgmp10:amd64 2:6.3.0+dfsg-2ubuntu6
2026-03-14 14:47:20 status half-configured libgmp10:amd64 2:6.3.0+dfsg-2ubuntu6
2026-03-14 14:47:20 status installed libgmp10:amd64 2:6.3.0+dfsg-2ubuntu6
2026-03-14 14:47:20 configure libaudit1:amd64 1:3.1.2-2.1build1 <none>
2026-03-14 14:47:20 status unpacked libaudit1:amd64 1:3.1.2-2.1build1
2026-03-14 14:47:20 status half-configured libaudit1:amd64 1:3.1.2-2.1build1
2026-03-14 14:47:20 status installed libaudit1:amd64 1:3.1.2-2.1build1
2026-03-14 14:47:20 configure libuuid1:amd64 2.39.3-9ubuntu6 <none>
2026-03-14 14:47:20 status unpacked libuuid1:amd64 2.39.3-9ubuntu6
2026-03-14 14:47:20 status half-configured libuuid1:amd64 2.39.3-9ubuntu6
2026-03-14 14:47:20 status installed libuuid1:amd64 2.39.3-9ubuntu6
2026-03-14 14:47:20 configure libss2:amd64 1.47.0-2.4~exp1ubuntu4 <none>
2026-03-14 14:47:20 status unpacked libss2:amd64 1.47.0-2.4~exp1ubuntu4
2026-03-14 14:47:20 status half-configured libss2:amd64 1.47.0-2.4~exp1ubuntu4
2026-03-14 14:47:20 status installed libss2:amd64 1.47.0-2.4~exp1ubuntu4
2026-03-14 14:47:20 configure libsepol2:amd64 3.5-2build1 <none>
2026-03-14 14:47:20 status unpacked libsepol2:amd64 3.5-2build1
2026-03-14 14:47:20 status half-configured libsepol2:amd64 3.5-2build1
2026-03-14 14:47:20 status installed libsepol2:amd64 3.5-2build1
2026-03-14 14:47:20 configure libpcre2-8-0:amd64 10.42-4ubuntu2 <none>
2026-03-14 14:47:20 status unpacked libpcre2-8-0:amd64 10.42-4ubuntu2
2026-03-14 14:47:20 status half-configured libpcre2-8-0:amd64 10.42-4ubuntu2
2026-03-14 14:47:20 status installed libpcre2-8-0:amd64 10.42-4ubuntu2
2026-03-14 14:47:20 configure libncursesw6:amd64 6.4+20240113-1ubuntu2 <none>
2026-03-14 14:47:20 status unpacked libncursesw6:amd64 6.4+20240113-1ubuntu2
2026-03-14 14:47:20 status half-configured libncursesw6:amd64 6.4+20240113-1ubuntu2
2026-03-14 14:47:20 status installed libncursesw6:amd64 6.4+20240113-1ubuntu2
2026-03-14 14:47:20 configure logsave:amd64 1.47.0-2.4~exp1ubuntu4 <none>
2026-03-14 14:47:20 status unpacked logsave:amd64 1.47.0-2.4~exp1ubuntu4
2026-03-14 14:47:20 status half-configured logsave:amd64 1.47.0-2.4~exp1ubuntu4
2026-03-14 14:47:20 status installed logsave:amd64 1.47.0-2.4~exp1ubuntu4
2026-03-14 14:47:20 configure libudev1:amd64 255.4-1ubuntu8 <none>
2026-03-14 14:47:20 status unpacked libudev1:amd64 255.4-1ubuntu8
2026-03-14 14:47:20 status half-configured libudev1:amd64 255.4-1ubuntu8
2026-03-14 14:47:20 status installed libudev1:amd64 255.4-1ubuntu8
2026-03-14 14:47:20 configure base-files:amd64 13ubuntu10 <none>
2026-03-14 14:47:20 status unpacked base-files:amd64 13ubuntu10
2026-03-14 14:47:20 status half-configured base-files:amd64 13ubuntu10
2026-03-14 14:47:20 status installed base-files:amd64 13ubuntu10
2026-03-14 14:47:20 configure bash:amd64 5.2.21-2ubuntu4 <none>
2026-03-14 14:47:20 status unpacked bash:amd64 5.2.21-2ubuntu4
2026-03-14 14:47:20 status half-configured bash:amd64 5.2.21-2ubuntu4
2026-03-14 14:47:21 status installed bash:amd64 5.2.21-2ubuntu4
2026-03-14 14:47:21 configure grep:amd64 3.11-4build1 <none>
2026-03-14 14:47:21 status unpacked grep:amd64 3.11-4build1
2026-03-14 14:47:21 status half-configured grep:amd64 3.11-4build1
2026-03-14 14:47:21 status installed grep:amd64 3.11-4build1
2026-03-14 14:47:21 configure e2fsprogs:amd64 1.47.0-2.4~exp1ubuntu4 <none>
2026-03-14 14:47:21 status unpacked e2fsprogs:amd64 1.47.0-2.4~exp1ubuntu4
2026-03-14 14:47:21 status half-configured e2fsprogs:amd64 1.47.0-2.4~exp1ubuntu4
2026-03-14 14:47:21 status installed e2fsprogs:amd64 1.47.0-2.4~exp1ubuntu4
2026-03-14 14:47:21 configure libsystemd0:amd64 255.4-1ubuntu8 <none>
2026-03-14 14:47:21 status unpacked libsystemd0:amd64 255.4-1ubuntu8
2026-03-14 14:47:21 status half-configured libsystemd0:amd64 255.4-1ubuntu8
2026-03-14 14:47:21 status installed libsystemd0:amd64 255.4-1ubuntu8
2026-03-14 14:47:21 configure libselinux1:amd64 3.5-2ubuntu2 <none>
2026-03-14 14:47:21 status unpacked libselinux1:amd64 3.5-2ubuntu2
2026-03-14 14:47:21 status half-configured libselinux1:amd64 3.5-2ubuntu2
2026-03-14 14:47:21 status installed libselinux1:amd64 3.5-2ubuntu2
2026-03-14 14:47:21 configure libpam0g:amd64 1.5.3-5ubuntu5 <none>
2026-03-14 14:47:21 status unpacked libpam0g:amd64 1.5.3-5ubuntu5
2026-03-14 14:47:21 status half-configured libpam0g:amd64 1.5.3-5ubuntu5
2026-03-14 14:47:21 status installed libpam0g:amd64 1.5.3-5ubuntu5
2026-03-14 14:47:21 configure sed:amd64 4.9-2build1 <none>
2026-03-14 14:47:21 status unpacked sed:amd64 4.9-2build1
2026-03-14 14:47:21 status half-configured sed:amd64 4.9-2build1
2026-03-14 14:47:21 status installed sed:amd64 4.9-2build1
2026-03-14 14:47:21 configure libproc2-0:amd64 2:4.0.4-4ubuntu3 <none>
2026-03-14 14:47:21 status unpacked libproc2-0:amd64 2:4.0.4-4ubuntu3
2026-03-14 14:47:21 status half-configured libproc2-0:amd64 2:4.0.4-4ubuntu3
2026-03-14 14:47:21 status installed libproc2-0:amd64 2:4.0.4-4ubuntu3
2026-03-14 14:47:21 configure findutils:amd64 4.9.0-5build1 <none>
2026-03-14 14:47:21 status unpacked findutils:amd64 4.9.0-5build1
2026-03-14 14:47:21 status half-configured findutils:amd64 4.9.0-5build1
2026-03-14 14:47:21 status installed findutils:amd64 4.9.0-5build1
2026-03-14 14:47:21 configure libmount1:amd64 2.39.3-9ubuntu6 <none>
2026-03-14 14:47:21 status unpacked libmount1:amd64 2.39.3-9ubuntu6
2026-03-14 14:47:21 status half-configured libmount1:amd64 2.39.3-9ubuntu6
2026-03-14 14:47:21 status installed libmount1:amd64 2.39.3-9ubuntu6
2026-03-14 14:47:21 configure procps:amd64 2:4.0.4-4ubuntu3 <none>
2026-03-14 14:47:21 status unpacked procps:amd64 2:4.0.4-4ubuntu3
2026-03-14 14:47:21 status half-configured procps:amd64 2:4.0.4-4ubuntu3
2026-03-14 14:47:21 status installed procps:amd64 2:4.0.4-4ubuntu3
2026-03-14 14:47:21 configure libsemanage2:amd64 3.5-1build5 <none>
2026-03-14 14:47:21 status unpacked libsemanage2:amd64 3.5-1build5
2026-03-14 14:47:21 status half-configured libsemanage2:amd64 3.5-1build5
2026-03-14 14:47:21 status installed libsemanage2:amd64 3.5-1build5
2026-03-14 14:47:21 configure base-passwd:amd64 3.6.3build1 <none>
2026-03-14 14:47:21 status unpacked base-passwd:amd64 3.6.3build1
2026-03-14 14:47:21 status half-configured base-passwd:amd64 3.6.3build1
2026-03-14 14:47:21 status installed base-passwd:amd64 3.6.3build1
2026-03-14 14:47:21 configure bsdutils:amd64 1:2.39.3-9ubuntu6 <none>
2026-03-14 14:47:21 status unpacked bsdutils:amd64 1:2.39.3-9ubuntu6
2026-03-14 14:47:21 status half-configured bsdutils:amd64 1:2.39.3-9ubuntu6
2026-03-14 14:47:21 status installed bsdutils:amd64 1:2.39.3-9ubuntu6
2026-03-14 14:47:21 configure tar:amd64 1.35+dfsg-3build1 <none>
2026-03-14 14:47:21 status unpacked tar:amd64 1.35+dfsg-3build1
2026-03-14 14:47:21 status half-configured tar:amd64 1.35+dfsg-3build1
2026-03-14 14:47:21 status installed tar:amd64 1.35+dfsg-3build1
2026-03-14 14:47:21 configure libpam-modules-bin:amd64 1.5.3-5ubuntu5 <none>
2026-03-14 14:47:21 status unpacked libpam-modules-bin:amd64 1.5.3-5ubuntu5
2026-03-14 14:47:21 status half-configured libpam-modules-bin:amd64 1.5.3-5ubuntu5
2026-03-14 14:47:21 status installed libpam-modules-bin:amd64 1.5.3-5ubuntu5
2026-03-14 14:47:21 configure coreutils:amd64 9.4-3ubuntu6 <none>
2026-03-14 14:47:21 status unpacked coreutils:amd64 9.4-3ubuntu6
2026-03-14 14:47:21 status half-configured coreutils:amd64 9.4-3ubuntu6
2026-03-14 14:47:21 status installed coreutils:amd64 9.4-3ubuntu6
2026-03-14 14:47:21 configure util-linux:amd64 2.39.3-9ubuntu6 <none>
2026-03-14 14:47:21 status unpacked util-linux:amd64 2.39.3-9ubuntu6
2026-03-14 14:47:21 status half-configured util-linux:amd64 2.39.3-9ubuntu6
2026-03-14 14:47:21 status installed util-linux:amd64 2.39.3-9ubuntu6
2026-03-14 14:47:21 configure dpkg:amd64 1.22.6ubuntu6 <none>
2026-03-14 14:47:21 status unpacked dpkg:amd64 1.22.6ubuntu6
2026-03-14 14:47:21 status half-configured dpkg:amd64 1.22.6ubuntu6
2026-03-14 14:47:22 status installed dpkg:amd64 1.22.6ubuntu6
2026-03-14 14:47:22 configure mount:amd64 2.39.3-9ubuntu6 <none>
2026-03-14 14:47:22 status unpacked mount:amd64 2.39.3-9ubuntu6
2026-03-14 14:47:22 status half-configured mount:amd64 2.39.3-9ubuntu6
2026-03-14 14:47:22 status installed mount:amd64 2.39.3-9ubuntu6
2026-03-14 14:47:22 configure dash:amd64 0.5.12-6ubuntu5 <none>
2026-03-14 14:47:22 status unpacked dash:amd64 0.5.12-6ubuntu5
2026-03-14 14:47:22 status half-configured dash:amd64 0.5.12-6ubuntu5
2026-03-14 14:47:22 status installed dash:amd64 0.5.12-6ubuntu5
2026-03-14 14:47:22 configure libpam-modules:amd64 1.5.3-5ubuntu5 <none>
2026-03-14 14:47:22 status unpacked libpam-modules:amd64 1.5.3-5ubuntu5
2026-03-14 14:47:22 status half-configured libpam-modules:amd64 1.5.3-5ubuntu5
2026-03-14 14:47:22 status installed libpam-modules:amd64 1.5.3-5ubuntu5
2026-03-14 14:47:22 configure perl-base:amd64 5.38.2-3.2build2 <none>
2026-03-14 14:47:22 status unpacked perl-base:amd64 5.38.2-3.2build2
2026-03-14 14:47:22 status half-configured perl-base:amd64 5.38.2-3.2build2
2026-03-14 14:47:22 status installed perl-base:amd64 5.38.2-3.2build2
2026-03-14 14:47:22 configure gzip:amd64 1.12-1ubuntu3 <none>
2026-03-14 14:47:22 status unpacked gzip:amd64 1.12-1ubuntu3
2026-03-14 14:47:22 status half-configured gzip:amd64 1.12-1ubuntu3
2026-03-14 14:47:22 status installed gzip:amd64 1.12-1ubuntu3
2026-03-14 14:47:22 configure passwd:amd64 1:4.13+dfsg1-4ubuntu3 <none>
2026-03-14 14:47:22 status unpacked passwd:amd64 1:4.13+dfsg1-4ubuntu3
2026-03-14 14:47:22 status half-configured passwd:amd64 1:4.13+dfsg1-4ubuntu3
2026-03-14 14:47:22 status installed passwd:amd64 1:4.13+dfsg1-4ubuntu3
2026-03-14 14:47:22 configure libpam-runtime:all 1.5.3-5ubuntu5 <none>
2026-03-14 14:47:22 status unpacked libpam-runtime:all 1.5.3-5ubuntu5
2026-03-14 14:47:22 status half-configured libpam-runtime:all 1.5.3-5ubuntu5
2026-03-14 14:47:22 status installed libpam-runtime:all 1.5.3-5ubuntu5
2026-03-14 14:47:22 configure login:amd64 1:4.13+dfsg1-4ubuntu3 <none>
2026-03-14 14:47:22 status unpacked login:amd64 1:4.13+dfsg1-4ubuntu3
2026-03-14 14:47:22 status half-configured login:amd64 1:4.13+dfsg1-4ubuntu3
2026-03-14 14:47:22 status installed login:amd64 1:4.13+dfsg1-4ubuntu3
2026-03-14 14:47:22 trigproc libc-bin:amd64 2.39-0ubuntu8 <none>
2026-03-14 14:47:22 status half-configured libc-bin:amd64 2.39-0ubuntu8
2026-03-14 14:47:22 status installed libc-bin:amd64 2.39-0ubuntu8
2026-03-14 14:47:22 startup archives unpack
2026-03-14 14:47:22 install apt:amd64 <none> 2.7.14build2
2026-03-14 14:47:22 status triggers-pending libc-bin:amd64 2.39-0ubuntu8
2026-03-14 14:47:22 status half-installed apt:amd64 2.7.14build2
2026-03-14 14:47:22 status unpacked apt:amd64 2.7.14build2
2026-03-14 14:47:22 install gpgv:amd64 <none> 2.4.4-2ubuntu17
2026-03-14 14:47:22 status half-installed gpgv:amd64 2.4.4-2ubuntu17
2026-03-14 14:47:22 status unpacked gpgv:amd64 2.4.4-2ubuntu17
2026-03-14 14:47:22 install libapt-pkg6.0t64:amd64 <none> 2.7.14build2
2026-03-14 14:47:22 status half-installed libapt-pkg6.0t64:amd64 2.7.14build2
2026-03-14 14:47:22 status unpacked libapt-pkg6.0t64:amd64 2.7.14build2
2026-03-14 14:47:22 install libassuan0:amd64 <none> 2.5.6-1build1
2026-03-14 14:47:22 status half-installed libassuan0:amd64 2.5.6-1build1
2026-03-14 14:47:22 status unpacked libassuan0:amd64 2.5.6-1build1
2026-03-14 14:47:22 install libffi8:amd64 <none> 3.4.6-1build1
2026-03-14 14:47:22 status half-installed libffi8:amd64 3.4.6-1build1
2026-03-14 14:47:23 status unpacked libffi8:amd64 3.4.6-1build1
2026-03-14 14:47:23 install libgnutls30t64:amd64 <none> 3.8.3-1.1ubuntu3
2026-03-14 14:47:23 status half-installed libgnutls30t64:amd64 3.8.3-1.1ubuntu3
2026-03-14 14:47:23 status unpacked libgnutls30t64:amd64 3.8.3-1.1ubuntu3
2026-03-14 14:47:23 install libhogweed6t64:amd64 <none> 3.9.1-2.2build1
2026-03-14 14:47:23 status half-installed libhogweed6t64:amd64 3.9.1-2.2build1
2026-03-14 14:47:23 status unpacked libhogweed6t64:amd64 3.9.1-2.2build1
2026-03-14 14:47:23 install libidn2-0:amd64 <none> 2.3.7-2build1
2026-03-14 14:47:23 status half-installed libidn2-0:amd64 2.3.7-2build1
2026-03-14 14:47:23 status unpacked libidn2-0:amd64 2.3.7-2build1
2026-03-14 14:47:23 install libnettle8t64:amd64 <none> 3.9.1-2.2build1
2026-03-14 14:47:23 status half-installed libnettle8t64:amd64 3.9.1-2.2build1
2026-03-14 14:47:23 status unpacked libnettle8t64:amd64 3.9.1-2.2build1
2026-03-14 14:47:23 install libnpth0t64:amd64 <none> 1.6-3.1build1
2026-03-14 14:47:23 status half-installed libnpth0t64:amd64 1.6-3.1build1
2026-03-14 14:47:23 status unpacked libnpth0t64:amd64 1.6-3.1build1
2026-03-14 14:47:23 install libp11-kit0:amd64 <none> 0.25.3-4ubuntu2
2026-03-14 14:47:23 status half-installed libp11-kit0:amd64 0.25.3-4ubuntu2
2026-03-14 14:47:23 status unpacked libp11-kit0:amd64 0.25.3-4ubuntu2
2026-03-14 14:47:23 install libseccomp2:amd64 <none> 2.5.5-1ubuntu3
2026-03-14 14:47:23 status half-installed libseccomp2:amd64 2.5.5-1ubuntu3
2026-03-14 14:47:23 status unpacked libseccomp2:amd64 2.5.5-1ubuntu3
2026-03-14 14:47:23 install libstdc++6:amd64 <none> 14-20240412-0ubuntu1
2026-03-14 14:47:23 status half-installed libstdc++6:amd64 14-20240412-0ubuntu1
2026-03-14 14:47:23 status unpacked libstdc++6:amd64 14-20240412-0ubuntu1
2026-03-14 14:47:23 install libtasn1-6:amd64 <none> 4.19.0-3build1
2026-03-14 14:47:23 status half-installed libtasn1-6:amd64 4.19.0-3build1
2026-03-14 14:47:23 status unpacked libtasn1-6:amd64 4.19.0-3build1
2026-03-14 14:47:23 install libunistring5:amd64 <none> 1.1-2build1
2026-03-14 14:47:23 status half-installed libunistring5:amd64 1.1-2build1
2026-03-14 14:47:23 status unpacked libunistring5:amd64 1.1-2build1
2026-03-14 14:47:23 install libxxhash0:amd64 <none> 0.8.2-2build1
2026-03-14 14:47:23 status half-installed libxxhash0:amd64 0.8.2-2build1
2026-03-14 14:47:23 status unpacked libxxhash0:amd64 0.8.2-2build1
2026-03-14 14:47:23 install ubuntu-keyring:all <none> 2023.11.28.1
2026-03-14 14:47:23 status half-installed ubuntu-keyring:all 2023.11.28.1
2026-03-14 14:47:23 status unpacked ubuntu-keyring:all 2023.11.28.1
2026-03-14 14:47:23 trigproc libc-bin:amd64 2.39-0ubuntu8 <none>
2026-03-14 14:47:23 status half-configured libc-bin:amd64 2.39-0ubuntu8
2026-03-14 14:47:23 status installed libc-bin:amd64 2.39-0ubuntu8
2026-03-14 14:47:23 startup packages configure
2026-03-14 14:47:23 configure libnpth0t64:amd64 1.6-3.1build1 <none>
2026-03-14 14:47:23 status triggers-pending libc-bin:amd64 2.39-0ubuntu8
2026-03-14 14:47:23 status unpacked libnpth0t64:amd64 1.6-3.1build1
2026-03-14 14:47:23 status half-configured libnpth0t64:amd64 1.6-3.1build1
2026-03-14 14:47:23 status installed libnpth0t64:amd64 1.6-3.1build1
2026-03-14 14:47:23 configure libassuan0:amd64 2.5.6-1build1 <none>
2026-03-14 14:47:23 status unpacked libassuan0:amd64 2.5.6-1build1
2026-03-14 14:47:23 status half-configured libassuan0:amd64 2.5.6-1build1
2026-03-14 14:47:23 status installed libassuan0:amd64 2.5.6-1build1
2026-03-14 14:47:23 configure ubuntu-keyring:all 2023.11.28.1 <none>
2026-03-14 14:47:23 status unpacked ubuntu-keyring:all 2023.11.28.1
2026-03-14 14:47:23 status half-configured ubuntu-keyring:all 2023.11.28.1
2026-03-14 14:47:23 status installed ubuntu-keyring:all 2023.11.28.1
2026-03-14 14:47:23 configure libseccomp2:amd64 2.5.5-1ubuntu3 <none>
2026-03-14 14:47:23 status unpacked libseccomp2:amd64 2.5.5-1ubuntu3
2026-03-14 14:47:23 status half-configured libseccomp2:amd64 2.5.5-1ubuntu3
2026-03-14 14:47:23 status installed libseccomp2:amd64 2.5.5-1ubuntu3
2026-03-14 14:47:23 configure libnettle8t64:amd64 3.9.1-2.2build1 <none>
2026-03-14 14:47:23 status unpacked libnettle8t64:amd64 3.9.1-2.2build1
2026-03-14 14:47:23 status half-configured libnettle8t64:amd64 3.9.1-2.2build1
2026-03-14 14:47:23 status installed libnettle8t64:amd64 3.9.1-2.2build1
2026-03-14 14:47:23 configure libunistring5:amd64 1.1-2build1 <none>
2026-03-14 14:47:23 status unpacked libunistring5:amd64 1.1-2build1
2026-03-14 14:47:23 status half-configured libunistring5:amd64 1.1-2build1
2026-03-14 14:47:23 status installed libunistring5:amd64 1.1-2build1
2026-03-14 14:47:23 configure libffi8:amd64 3.4.6-1build1 <none>
2026-03-14 14:47:23 status unpacked libffi8:amd64 3.4.6-1build1
2026-03-14 14:47:23 status half-configured libffi8:amd64 3.4.6-1build1
2026-03-14 14:47:23 status installed libffi8:amd64 3.4.6-1build1
2026-03-14 14:47:23 configure libhogweed6t64:amd64 3.9.1-2.2build1 <none>
2026-03-14 14:47:23 status unpacked libhogweed6t64:amd64 3.9.1-2.2build1
2026-03-14 14:47:23 status half-configured libhogweed6t64:amd64 3.9.1-2.2build1
2026-03-14 14:47:23 status installed libhogweed6t64:amd64 3.9.1-2.2build1
2026-03-14 14:47:23 configure gpgv:amd64 2.4.4-2ubuntu17 <none>
2026-03-14 14:47:23 status unpacked gpgv:amd64 2.4.4-2ubuntu17
2026-03-14 14:47:23 status half-configured gpgv:amd64 2.4.4-2ubuntu17
2026-03-14 14:47:23 status installed gpgv:amd64 2.4.4-2ubuntu17
2026-03-14 14:47:23 configure libxxhash0:amd64 0.8.2-2build1 <none>
2026-03-14 14:47:23 status unpacked libxxhash0:amd64 0.8.2-2build1
2026-03-14 14:47:23 status half-configured libxxhash0:amd64 0.8.2-2build1
2026-03-14 14:47:23 status installed libxxhash0:amd64 0.8.2-2build1
2026-03-14 14:47:23 configure libtasn1-6:amd64 4.19.0-3build1 <none>
2026-03-14 14:47:23 status unpacked libtasn1-6:amd64 4.19.0-3build1
2026-03-14 14:47:23 status half-configured libtasn1-6:amd64 4.19.0-3build1
2026-03-14 14:47:23 status installed libtasn1-6:amd64 4.19.0-3build1
2026-03-14 14:47:23 configure libstdc++6:amd64 14-20240412-0ubuntu1 <none>
2026-03-14 14:47:23 status unpacked libstdc++6:amd64 14-20240412-0ubuntu1
2026-03-14 14:47:23 status half-configured libstdc++6:amd64 14-20240412-0ubuntu1
2026-03-14 14:47:23 status installed libstdc++6:amd64 14-20240412-0ubuntu1
2026-03-14 14:47:23 configure libidn2-0:amd64 2.3.7-2build1 <none>
2026-03-14 14:47:23 status unpacked libidn2-0:amd64 2.3.7-2build1
2026-03-14 14:47:23 status half-configured libidn2-0:amd64 2.3.7-2build1
2026-03-14 14:47:23 status installed libidn2-0:amd64 2.3.7-2build1
2026-03-14 14:47:23 configure libp11-kit0:amd64 0.25.3-4ubuntu2 <none>
2026-03-14 14:47:23 status unpacked libp11-kit0:amd64 0.25.3-4ubuntu2
2026-03-14 14:47:23 status half-configured libp11-kit0:amd64 0.25.3-4ubuntu2
2026-03-14 14:47:23 status installed libp11-kit0:amd64 0.25.3-4ubuntu2
2026-03-14 14:47:23 configure libapt-pkg6.0t64:amd64 2.7.14build2 <none>
2026-03-14 14:47:23 status unpacked libapt-pkg6.0t64:amd64 2.7.14build2
2026-03-14 14:47:23 status half-configured libapt-pkg6.0t64:amd64 2.7.14build2
2026-03-14 14:47:23 status installed libapt-pkg6.0t64:amd64 2.7.14build2
2026-03-14 14:47:23 configure libgnutls30t64:amd64 3.8.3-1.1ubuntu3 <none>
2026-03-14 14:47:23 status unpacked libgnutls30t64:amd64 3.8.3-1.1ubuntu3
2026-03-14 14:47:23 status half-configured libgnutls30t64:amd64 3.8.3-1.1ubuntu3
2026-03-14 14:47:23 status installed libgnutls30t64:amd64 3.8.3-1.1ubuntu3
2026-03-14 14:47:23 configure apt:amd64 2.7.14build2 <none>
2026-03-14 14:47:23 status unpacked apt:amd64 2.7.14build2
2026-03-14 14:47:23 status half-configured apt:amd64 2.7.14build2
2026-03-14 14:47:24 status installed apt:amd64 2.7.14build2
2026-03-14 14:47:24 trigproc libc-bin:amd64 2.39-0ubuntu8 <none>
2026-03-14 14:47:24 status half-configured libc-bin:amd64 2.39-0ubuntu8
2026-03-14 14:47:24 status installed libc-bin:amd64 2.39-0ubuntu8
